<?xml version="1.0" encoding="UTF-8"?>
<testsuite name="com.carfax.test.carfaxTest.CarfaxTestApplicationTests" tests="2" skipped="0" failures="0" errors="0" timestamp="2020-03-19T08:10:11" hostname="Israels-MBP-2.fritz.box" time="1.163">
  <properties/>
  <testcase name="testApi()" classname="com.carfax.test.carfaxTest.CarfaxTestApplicationTests" time="1.152"/>
  <testcase name="testProcess()" classname="com.carfax.test.carfaxTest.CarfaxTestApplicationTests" time="0.009"/>
  <system-out><![CDATA[09:10:09.139 [Test worker] DEBUG org.springframework.test.context.BootstrapUtils - Instantiating CacheAwareContextLoaderDelegate from class [org.springframework.test.context.cache.DefaultCacheAwareContextLoaderDelegate]
09:10:09.155 [Test worker] DEBUG org.springframework.test.context.BootstrapUtils - Instantiating BootstrapContext using constructor [public org.springframework.test.context.support.DefaultBootstrapContext(java.lang.Class,org.springframework.test.context.CacheAwareContextLoaderDelegate)]
09:10:09.181 [Test worker] DEBUG org.springframework.test.context.BootstrapUtils - Instantiating TestContextBootstrapper for test class [com.carfax.test.carfaxTest.CarfaxTestApplicationTests] from class [org.springframework.boot.test.context.SpringBootTestContextBootstrapper]
09:10:09.201 [Test worker] INFO org.springframework.boot.test.context.SpringBootTestContextBootstrapper - Neither @ContextConfiguration nor @ContextHierarchy found for test class [com.carfax.test.carfaxTest.CarfaxTestApplicationTests], using SpringBootContextLoader
09:10:09.207 [Test worker] DEBUG org.springframework.test.context.support.AbstractContextLoader - Did not detect default resource location for test class [com.carfax.test.carfaxTest.CarfaxTestApplicationTests]: class path resource [com/carfax/test/carfaxTest/CarfaxTestApplicationTests-context.xml] does not exist
09:10:09.208 [Test worker] DEBUG org.springframework.test.context.support.AbstractContextLoader - Did not detect default resource location for test class [com.carfax.test.carfaxTest.CarfaxTestApplicationTests]: class path resource [com/carfax/test/carfaxTest/CarfaxTestApplicationTestsContext.groovy] does not exist
09:10:09.208 [Test worker] INFO org.springframework.test.context.support.AbstractContextLoader - Could not detect default resource locations for test class [com.carfax.test.carfaxTest.CarfaxTestApplicationTests]: no resource found for suffixes {-context.xml, Context.groovy}.
09:10:09.210 [Test worker] INFO org.springframework.test.context.support.AnnotationConfigContextLoaderUtils - Could not detect default configuration classes for test class [com.carfax.test.carfaxTest.CarfaxTestApplicationTests]: CarfaxTestApplicationTests does not declare any static, non-private, non-final, nested classes annotated with @Configuration.
09:10:09.258 [Test worker] DEBUG org.springframework.test.context.support.ActiveProfilesUtils - Could not find an 'annotation declaring class' for annotation type [org.springframework.test.context.ActiveProfiles] and class [com.carfax.test.carfaxTest.CarfaxTestApplicationTests]
09:10:09.335 [Test worker] DEBUG org.springframework.context.annotation.ClassPathScanningCandidateComponentProvider - Identified candidate component class: file [/Users/israelchoquegutierrez/Documents/Projects/carfaxTest/build/classes/java/main/com/carfax/test/carfaxTest/CarfaxTestApplication.class]
09:10:09.336 [Test worker] INFO org.springframework.boot.test.context.SpringBootTestContextBootstrapper - Found @SpringBootConfiguration com.carfax.test.carfaxTest.CarfaxTestApplication for test class com.carfax.test.carfaxTest.CarfaxTestApplicationTests
09:10:09.444 [Test worker] DEBUG org.springframework.boot.test.context.SpringBootTestContextBootstrapper - @TestExecutionListeners is not present for class [com.carfax.test.carfaxTest.CarfaxTestApplicationTests]: using defaults.
09:10:09.445 [Test worker] INFO org.springframework.boot.test.context.SpringBootTestContextBootstrapper - Loaded default TestExecutionListener class names from location [META-INF/spring.factories]: [org.springframework.boot.test.autoconfigure.restdocs.RestDocsTestExecutionListener, org.springframework.boot.test.autoconfigure.web.client.MockRestServiceServerResetTestExecutionListener, org.springframework.boot.test.autoconfigure.web.servlet.MockMvcPrintOnlyOnFailureTestExecutionListener, org.springframework.boot.test.autoconfigure.web.servlet.WebDriverTestExecutionListener, org.springframework.boot.test.mock.mockito.MockitoTestExecutionListener, org.springframework.boot.test.mock.mockito.ResetMocksTestExecutionListener, org.springframework.test.context.web.ServletTestExecutionListener, org.springframework.test.context.support.DirtiesContextBeforeModesTestExecutionListener, org.springframework.test.context.support.DependencyInjectionTestExecutionListener, org.springframework.test.context.support.DirtiesContextTestExecutionListener, org.springframework.test.context.transaction.TransactionalTestExecutionListener, org.springframework.test.context.jdbc.SqlScriptsTestExecutionListener, org.springframework.test.context.event.EventPublishingTestExecutionListener]
09:10:09.468 [Test worker] DEBUG org.springframework.boot.test.context.SpringBootTestContextBootstrapper - Skipping candidate TestExecutionListener [org.springframework.test.context.transaction.TransactionalTestExecutionListener] due to a missing dependency. Specify custom listener classes or make the default listener classes and their required dependencies available. Offending class: [org/springframework/transaction/interceptor/TransactionAttributeSource]
09:10:09.469 [Test worker] DEBUG org.springframework.boot.test.context.SpringBootTestContextBootstrapper - Skipping candidate TestExecutionListener [org.springframework.test.context.jdbc.SqlScriptsTestExecutionListener] due to a missing dependency. Specify custom listener classes or make the default listener classes and their required dependencies available. Offending class: [org/springframework/transaction/interceptor/TransactionAttribute]
09:10:09.471 [Test worker] INFO org.springframework.boot.test.context.SpringBootTestContextBootstrapper - Using TestExecutionListeners: [org.springframework.test.context.web.ServletTestExecutionListener@f0572c9, org.springframework.test.context.support.DirtiesContextBeforeModesTestExecutionListener@57dfda83, org.springframework.boot.test.mock.mockito.MockitoTestExecutionListener@5b3e17d3, org.springframework.boot.test.autoconfigure.SpringBootDependencyInjectionTestExecutionListener@4ea9342, org.springframework.test.context.support.DirtiesContextTestExecutionListener@20dd2a2c, org.springframework.test.context.event.EventPublishingTestExecutionListener@97fe776, org.springframework.boot.test.autoconfigure.restdocs.RestDocsTestExecutionListener@2254f905, org.springframework.boot.test.autoconfigure.web.client.MockRestServiceServerResetTestExecutionListener@72f40e8e, org.springframework.boot.test.autoconfigure.web.servlet.MockMvcPrintOnlyOnFailureTestExecutionListener@3bb1d6b6, org.springframework.boot.test.autoconfigure.web.servlet.WebDriverTestExecutionListener@4d83c2e1, org.springframework.boot.test.mock.mockito.ResetMocksTestExecutionListener@489a8685]
09:10:09.478 [Test worker] DEBUG org.springframework.test.context.support.AbstractDirtiesContextTestExecutionListener - Before test class: context [DefaultTestContext@69df94a8 testClass = CarfaxTestApplicationTests, testInstance = [null], testMethod = [null], testException = [null], mergedContextConfiguration = [WebMergedContextConfiguration@123cfdf7 testClass = CarfaxTestApplicationTests, locations = '{}', classes = '{class com.carfax.test.carfaxTest.CarfaxTestApplication}', contextInitializerClasses = '[]', activeProfiles = '{}', propertySourceLocations = '{}', propertySourceProperties = '{org.springframework.boot.test.context.SpringBootTestContextBootstrapper=true, server.port=0}', contextCustomizers = set[org.springframework.boot.test.autoconfigure.properties.PropertyMappingContextCustomizer@0, org.springframework.boot.test.autoconfigure.web.servlet.WebDriverContextCustomizerFactory$Customizer@19291c5f, org.springframework.boot.test.context.filter.ExcludeFilterContextCustomizer@24d7524, org.springframework.boot.test.json.DuplicateJsonObjectContextCustomizerFactory$DuplicateJsonObjectContextCustomizer@219fd5e5, org.springframework.boot.test.mock.mockito.MockitoContextCustomizer@0, org.springframework.boot.test.web.client.TestRestTemplateContextCustomizer@66562012], resourceBasePath = 'src/main/webapp', contextLoader = 'org.springframework.boot.test.context.SpringBootContextLoader', parent = [null]], attributes = map['org.springframework.test.context.web.ServletTestExecutionListener.activateListener' -> false]], class annotated with @DirtiesContext [false] with mode [null].
09:10:09.493 [Test worker] DEBUG org.springframework.test.context.support.DependencyInjectionTestExecutionListener - Performing dependency injection for test context [[DefaultTestContext@69df94a8 testClass = CarfaxTestApplicationTests, testInstance = com.carfax.test.carfaxTest.CarfaxTestApplicationTests@6ddf7a, testMethod = [null], testException = [null], mergedContextConfiguration = [WebMergedContextConfiguration@123cfdf7 testClass = CarfaxTestApplicationTests, locations = '{}', classes = '{class com.carfax.test.carfaxTest.CarfaxTestApplication}', contextInitializerClasses = '[]', activeProfiles = '{}', propertySourceLocations = '{}', propertySourceProperties = '{org.springframework.boot.test.context.SpringBootTestContextBootstrapper=true, server.port=0}', contextCustomizers = set[org.springframework.boot.test.autoconfigure.properties.PropertyMappingContextCustomizer@0, org.springframework.boot.test.autoconfigure.web.servlet.WebDriverContextCustomizerFactory$Customizer@19291c5f, org.springframework.boot.test.context.filter.ExcludeFilterContextCustomizer@24d7524, org.springframework.boot.test.json.DuplicateJsonObjectContextCustomizerFactory$DuplicateJsonObjectContextCustomizer@219fd5e5, org.springframework.boot.test.mock.mockito.MockitoContextCustomizer@0, org.springframework.boot.test.web.client.TestRestTemplateContextCustomizer@66562012], resourceBasePath = 'src/main/webapp', contextLoader = 'org.springframework.boot.test.context.SpringBootContextLoader', parent = [null]], attributes = map['org.springframework.test.context.web.ServletTestExecutionListener.activateListener' -> false]]].
09:10:09.521 [Test worker] DEBUG org.springframework.test.context.support.TestPropertySourceUtils - Adding inlined properties to environment: {spring.jmx.enabled=false, org.springframework.boot.test.context.SpringBootTestContextBootstrapper=true, server.port=0}

  .   ____          _            __ _ _
 /\\ / ___'_ __ _ _(_)_ __  __ _ \ \ \ \
( ( )\___ | '_ | '_| | '_ \/ _` | \ \ \ \
 \\/  ___)| |_)| | | | | || (_| |  ) ) ) )
  '  |____| .__|_| |_|_| |_\__, | / / / /
 =========|_|==============|___/=/_/_/_/
 :: Spring Boot ::        (v2.2.5.RELEASE)

2020-03-19 09:10:09.965  INFO 89754 --- [    Test worker] c.c.t.c.CarfaxTestApplicationTests       : Starting CarfaxTestApplicationTests on Israels-MBP-2.fritz.box with PID 89754 (started by israelchoquegutierrez in /Users/israelchoquegutierrez/Documents/Projects/carfaxTest)
2020-03-19 09:10:09.968  INFO 89754 --- [    Test worker] c.c.t.c.CarfaxTestApplicationTests       : No active profile set, falling back to default profiles: default
2020-03-19 09:10:11.082  INFO 89754 --- [    Test worker] o.s.b.w.embedded.tomcat.TomcatWebServer  : Tomcat initialized with port(s): 0 (http)
2020-03-19 09:10:11.096  INFO 89754 --- [    Test worker] o.apache.catalina.core.StandardService   : Starting service [Tomcat]
2020-03-19 09:10:11.096  INFO 89754 --- [    Test worker] org.apache.catalina.core.StandardEngine  : Starting Servlet engine: [Apache Tomcat/9.0.31]
2020-03-19 09:10:11.200  INFO 89754 --- [    Test worker] o.a.c.c.C.[Tomcat].[localhost].[/]       : Initializing Spring embedded WebApplicationContext
2020-03-19 09:10:11.200  INFO 89754 --- [    Test worker] o.s.web.context.ContextLoader            : Root WebApplicationContext: initialization completed in 1177 ms
2020-03-19 09:10:11.552  INFO 89754 --- [    Test worker] o.s.s.concurrent.ThreadPoolTaskExecutor  : Initializing ExecutorService 'applicationTaskExecutor'
2020-03-19 09:10:11.774  INFO 89754 --- [    Test worker] o.s.b.w.embedded.tomcat.TomcatWebServer  : Tomcat started on port(s): 57354 (http) with context path ''
2020-03-19 09:10:11.779  INFO 89754 --- [    Test worker] c.c.t.c.CarfaxTestApplicationTests       : Started CarfaxTestApplicationTests in 2.253 seconds (JVM running for 3.538)
]]></system-out>
  <system-err><![CDATA[]]></system-err>
</testsuite>
